a‣punch: 0.00
punch.cpp
Dịch thành công

a‣punch‣$PUNCH01: 0.00
Thời gian ≈ 0.026544377 giây
Không thấy file kết quả
a‣punch‣$PUNCH02: 0.00
Thời gian ≈ 0.027044422 giây
Không thấy file kết quả
a‣punch‣$PUNCH03: 0.00
Thời gian ≈ 0.026197178 giây
Không thấy file kết quả
a‣punch‣$PUNCH04: 0.00
Thời gian ≈ 0.027149412 giây
Không thấy file kết quả
a‣punch‣$PUNCH05: 0.00
Thời gian ≈ 0.028125085 giây
Không thấy file kết quả
a‣punch‣$PUNCH06: 0.00
Thời gian ≈ 0.028043535 giây
Không thấy file kết quả
a‣punch‣$PUNCH07: 0.00
Thời gian ≈ 0.028776023 giây
Không thấy file kết quả
a‣punch‣$PUNCH08: 0.00
Thời gian ≈ 0.028226169 giây
Không thấy file kết quả
a‣punch‣$PUNCH09: 0.00
Thời gian ≈ 0.028421987 giây
Không thấy file kết quả
a‣punch‣$PUNCH10: 0.00
Thời gian ≈ 0.028076741 giây
Không thấy file kết quả
a‣punch‣$PUNCH11: 0.00
Thời gian ≈ 0.026267008 giây
Không thấy file kết quả
a‣punch‣$PUNCH12: 0.00
Thời gian ≈ 0.039914719 giây
Không thấy file kết quả
a‣punch‣$PUNCH13: 0.00
Thời gian ≈ 0.024441161 giây
Không thấy file kết quả
a‣punch‣$PUNCH14: 0.00
Thời gian ≈ 0.024198463 giây
Không thấy file kết quả
a‣punch‣$PUNCH15: 0.00
Thời gian ≈ 0.027014146 giây
Không thấy file kết quả
a‣punch‣$PUNCH16: 0.00
Thời gian ≈ 0.024989062 giây
Không thấy file kết quả
a‣punch‣$PUNCH17: 0.00
Thời gian ≈ 0.025962293 giây
Không thấy file kết quả
a‣punch‣$PUNCH18: 0.00
Thời gian ≈ 0.026996078 giây
Không thấy file kết quả
a‣punch‣$PUNCH19: 0.00
Thời gian ≈ 0.025228829 giây
Không thấy file kết quả
a‣punch‣$PUNCH20: 0.00
Thời gian ≈ 0.026262613 giây
Không thấy file kết quả
a‣punch‣$PUNCH21: 0.00
Thời gian ≈ 0.029901612 giây
Không thấy file kết quả
a‣punch‣$PUNCH22: 0.00
Thời gian ≈ 0.027674361 giây
Không thấy file kết quả
a‣punch‣$PUNCH23: 0.00
Thời gian ≈ 0.027866273 giây
Không thấy file kết quả
a‣punch‣$PUNCH24: 0.00
Thời gian ≈ 0.025752314 giây
Không thấy file kết quả
a‣punch‣$PUNCH25: 0.00
Thời gian ≈ 0.025780148 giây
Không thấy file kết quả
a‣punch‣$PUNCH26: 0.00
Thời gian ≈ 0.027268075 giây
Không thấy file kết quả
a‣punch‣$PUNCH27: 0.00
Thời gian ≈ 0.026672318 giây
Không thấy file kết quả
a‣punch‣$PUNCH28: 0.00
Thời gian ≈ 0.024663349 giây
Không thấy file kết quả
a‣punch‣$PUNCH29: 0.00
Thời gian ≈ 0.026061912 giây
Không thấy file kết quả
a‣punch‣$PUNCH30: 0.00
Thời gian ≈ 0.025199041 giây
Không thấy file kết quả
