hungs20‣punch: 0.00
punch.cpp
Dịch thành công

hungs20‣punch‣$PUNCH01: 0.00
Chạy quá thời gian
hungs20‣punch‣$PUNCH02: 0.00
Chạy quá thời gian
hungs20‣punch‣$PUNCH03: 0.00
Chạy quá thời gian
hungs20‣punch‣$PUNCH04: 0.00
Chạy quá thời gian
hungs20‣punch‣$PUNCH05: 0.00
Chạy quá thời gian
hungs20‣punch‣$PUNCH06: 0.00
Chạy quá thời gian
hungs20‣punch‣$PUNCH07: 0.00
Chạy quá thời gian
hungs20‣punch‣$PUNCH08: 0.00
Chạy quá thời gian
hungs20‣punch‣$PUNCH09: 0.00
Chạy quá thời gian
hungs20‣punch‣$PUNCH10: 0.00
Chạy quá thời gian
hungs20‣punch‣$PUNCH11: 0.00
Chạy quá thời gian
hungs20‣punch‣$PUNCH12: 0.00
Chạy quá thời gian
hungs20‣punch‣$PUNCH13: 0.00
Chạy quá thời gian
hungs20‣punch‣$PUNCH14: 0.00
Chạy quá thời gian
hungs20‣punch‣$PUNCH15: 0.00
Chạy quá thời gian
hungs20‣punch‣$PUNCH16: 0.00
Chạy quá thời gian
hungs20‣punch‣$PUNCH17: 0.00
Chạy quá thời gian
hungs20‣punch‣$PUNCH18: 0.00
Chạy quá thời gian
hungs20‣punch‣$PUNCH19: 0.00
Chạy quá thời gian
hungs20‣punch‣$PUNCH20: 0.00
Chạy quá thời gian
hungs20‣punch‣$PUNCH21: 0.00
Chạy quá thời gian
hungs20‣punch‣$PUNCH22: 0.00
Chạy quá thời gian
hungs20‣punch‣$PUNCH23: 0.00
Chạy quá thời gian
hungs20‣punch‣$PUNCH24: 0.00
Chạy quá thời gian
hungs20‣punch‣$PUNCH25: 0.00
Chạy quá thời gian
hungs20‣punch‣$PUNCH26: 0.00
Chạy quá thời gian
hungs20‣punch‣$PUNCH27: 0.00
Chạy quá thời gian
hungs20‣punch‣$PUNCH28: 0.00
Chạy quá thời gian
hungs20‣punch‣$PUNCH29: 0.00
Chạy quá thời gian
hungs20‣punch‣$PUNCH30: 0.00
Chạy quá thời gian
