TMCong‣punch: 0.00
punch.cpp
Dịch thành công

TMCong‣punch‣$PUNCH01: 0.00
Thời gian ≈ 0.160217031 giây
Không thấy file kết quả
TMCong‣punch‣$PUNCH02: 0.00
Thời gian ≈ 0.060682210 giây
Không thấy file kết quả
TMCong‣punch‣$PUNCH03: 0.00
Thời gian ≈ 0.052409005 giây
Không thấy file kết quả
TMCong‣punch‣$PUNCH04: 0.00
Thời gian ≈ 0.050449357 giây
Không thấy file kết quả
TMCong‣punch‣$PUNCH05: 0.00
Thời gian ≈ 0.051044137 giây
Không thấy file kết quả
TMCong‣punch‣$PUNCH06: 0.00
Thời gian ≈ 0.050545557 giây
Không thấy file kết quả
TMCong‣punch‣$PUNCH07: 0.00
Thời gian ≈ 0.049636295 giây
Không thấy file kết quả
TMCong‣punch‣$PUNCH08: 0.00
Thời gian ≈ 0.048998543 giây
Không thấy file kết quả
TMCong‣punch‣$PUNCH09: 0.00
Thời gian ≈ 0.048906738 giây
Không thấy file kết quả
TMCong‣punch‣$PUNCH10: 0.00
Thời gian ≈ 0.049617251 giây
Không thấy file kết quả
TMCong‣punch‣$PUNCH11: 0.00
Thời gian ≈ 0.054962946 giây
Không thấy file kết quả
TMCong‣punch‣$PUNCH12: 0.00
Thời gian ≈ 0.049133809 giây
Không thấy file kết quả
TMCong‣punch‣$PUNCH13: 0.00
Thời gian ≈ 0.051063670 giây
Không thấy file kết quả
TMCong‣punch‣$PUNCH14: 0.00
Thời gian ≈ 0.051968048 giây
Không thấy file kết quả
TMCong‣punch‣$PUNCH15: 0.00
Thời gian ≈ 0.049833090 giây
Không thấy file kết quả
TMCong‣punch‣$PUNCH16: 0.00
Thời gian ≈ 0.048567840 giây
Không thấy file kết quả
TMCong‣punch‣$PUNCH17: 0.00
Thời gian ≈ 0.051915797 giây
Không thấy file kết quả
TMCong‣punch‣$PUNCH18: 0.00
Thời gian ≈ 0.050531884 giây
Không thấy file kết quả
TMCong‣punch‣$PUNCH19: 0.00
Thời gian ≈ 0.049415084 giây
Không thấy file kết quả
TMCong‣punch‣$PUNCH20: 0.00
Thời gian ≈ 0.051880149 giây
Không thấy file kết quả
TMCong‣punch‣$PUNCH21: 0.00
Thời gian ≈ 0.049041027 giây
Không thấy file kết quả
TMCong‣punch‣$PUNCH22: 0.00
Thời gian ≈ 0.060674885 giây
Không thấy file kết quả
TMCong‣punch‣$PUNCH23: 0.00
Thời gian ≈ 0.050806322 giây
Không thấy file kết quả
TMCong‣punch‣$PUNCH24: 0.00
Thời gian ≈ 0.072823437 giây
Không thấy file kết quả
TMCong‣punch‣$PUNCH25: 0.00
Thời gian ≈ 0.050004493 giây
Không thấy file kết quả
TMCong‣punch‣$PUNCH26: 0.00
Thời gian ≈ 0.049896573 giây
Không thấy file kết quả
TMCong‣punch‣$PUNCH27: 0.00
Thời gian ≈ 0.049152854 giây
Không thấy file kết quả
TMCong‣punch‣$PUNCH28: 0.00
Thời gian ≈ 0.050044047 giây
Không thấy file kết quả
TMCong‣punch‣$PUNCH29: 0.00
Thời gian ≈ 0.050456682 giây
Không thấy file kết quả
TMCong‣punch‣$PUNCH30: 0.00
Thời gian ≈ 0.049573790 giây
Không thấy file kết quả
