Hungs20‣Ceramic: 100.00
Ceramic.cpp
Dịch thành công

Hungs20‣Ceramic‣Test01: 5.00
Thời gian ≈ 0.091439100 giây
Kết quả khớp đáp án!
Hungs20‣Ceramic‣Test02: 5.00
Thời gian ≈ 0.065301086 giây
Kết quả khớp đáp án!
Hungs20‣Ceramic‣Test03: 5.00
Thời gian ≈ 0.062316940 giây
Kết quả khớp đáp án!
Hungs20‣Ceramic‣Test04: 5.00
Thời gian ≈ 0.055472595 giây
Kết quả khớp đáp án!
Hungs20‣Ceramic‣Test05: 5.00
Thời gian ≈ 0.059188250 giây
Kết quả khớp đáp án!
Hungs20‣Ceramic‣Test06: 5.00
Thời gian ≈ 0.055746544 giây
Kết quả khớp đáp án!
Hungs20‣Ceramic‣Test07: 5.00
Thời gian ≈ 0.045412638 giây
Kết quả khớp đáp án!
Hungs20‣Ceramic‣Test08: 5.00
Thời gian ≈ 0.044560514 giây
Kết quả khớp đáp án!
Hungs20‣Ceramic‣Test09: 5.00
Thời gian ≈ 0.048478823 giây
Kết quả khớp đáp án!
Hungs20‣Ceramic‣Test10: 5.00
Thời gian ≈ 0.043927646 giây
Kết quả khớp đáp án!
Hungs20‣Ceramic‣Test11: 5.00
Thời gian ≈ 0.057424913 giây
Kết quả khớp đáp án!
Hungs20‣Ceramic‣Test12: 5.00
Thời gian ≈ 0.064274141 giây
Kết quả khớp đáp án!
Hungs20‣Ceramic‣Test13: 5.00
Thời gian ≈ 0.097274079 giây
Kết quả khớp đáp án!
Hungs20‣Ceramic‣Test14: 5.00
Thời gian ≈ 0.081021690 giây
Kết quả khớp đáp án!
Hungs20‣Ceramic‣Test15: 5.00
Thời gian ≈ 0.080471350 giây
Kết quả khớp đáp án!
Hungs20‣Ceramic‣Test16: 5.00
Thời gian ≈ 0.077376842 giây
Kết quả khớp đáp án!
Hungs20‣Ceramic‣Test17: 5.00
Thời gian ≈ 0.158133861 giây
Kết quả khớp đáp án!
Hungs20‣Ceramic‣Test18: 5.00
Thời gian ≈ 0.079013215 giây
Kết quả khớp đáp án!
Hungs20‣Ceramic‣Test19: 5.00
Thời gian ≈ 0.208504450 giây
Kết quả khớp đáp án!
Hungs20‣Ceramic‣Test20: 5.00
Thời gian ≈ 0.224165968 giây
Kết quả khớp đáp án!
