Hungs20‣nbs: 0.00
nbs.cpp
Dịch thành công

Hungs20‣nbs‣test01: 1.00
Thời gian ≈ 0.045318503 giây
Kết quả khớp đáp án!
Hungs20‣nbs‣test02: 1.00
Thời gian ≈ 0.045763367 giây
Kết quả khớp đáp án!
Hungs20‣nbs‣test03: 1.00
Thời gian ≈ 0.042930106 giây
Kết quả khớp đáp án!
Hungs20‣nbs‣test04: 1.00
Thời gian ≈ 0.051644751 giây
Kết quả khớp đáp án!
Hungs20‣nbs‣test05: 1.00
Thời gian ≈ 0.057705840 giây
Kết quả khớp đáp án!
Hungs20‣nbs‣test06: 1.00
Thời gian ≈ 0.062429407 giây
Kết quả khớp đáp án!
Hungs20‣nbs‣test07: 1.00
Thời gian ≈ 0.149431321 giây
Kết quả khớp đáp án!
Hungs20‣nbs‣test08: 1.00
Thời gian ≈ 0.225741851 giây
Kết quả khớp đáp án!
Hungs20‣nbs‣test09: 0.00
Chạy quá thời gian
Hungs20‣nbs‣test10: 0.00
Chạy quá thời gian
Hungs20‣nbs‣test11: 0.00
Chạy quá thời gian
Hungs20‣nbs‣test12: 0.00
Chạy quá thời gian
