HNKhang‣Strang1e: 32.00
Strange.cpp
Dịch thành công

HNKhang‣Strange‣Test01: 1.00
Thời gian ≈ 0.037660573 giây
Kết quả khớp đáp án!
HNKhang‣Strange‣Test02: 1.00
Thời gian ≈ 0.034614893 giây
Kết quả khớp đáp án!
HNKhang‣Strange‣Test03: 1.00
Thời gian ≈ 0.036141884 giây
Kết quả khớp đáp án!
HNKhang‣Strange‣Test04: 1.00
Thời gian ≈ 0.034745764 giây
Kết quả khớp đáp án!
HNKhang‣Strange‣Test05: 1.00
Thời gian ≈ 0.035455788 giây
Kết quả khớp đáp án!
HNKhang‣Strange‣Test06: 1.00
Thời gian ≈ 0.035189162 giây
Kết quả khớp đáp án!
HNKhang‣Strange‣Test07: 0.00
Thời gian ≈ 0.034036716 giây
Kết quả KHÁC đáp án!
HNKhang‣Strange‣Test08: 0.00
Thời gian ≈ 0.034552387 giây
Kết quả KHÁC đáp án!
HNKhang‣Strange‣Test09: 0.00
Thời gian ≈ 0.034125103 giây
Kết quả KHÁC đáp án!
HNKhang‣Strange‣Test10: 0.00
Thời gian ≈ 0.033909263 giây
Kết quả KHÁC đáp án!
HNKhang‣Strange‣Test11: 0.00
Thời gian ≈ 0.034249137 giây
Kết quả KHÁC đáp án!
HNKhang‣Strange‣Test12: 0.00
Thời gian ≈ 0.034642727 giây
Kết quả KHÁC đáp án!
HNKhang‣Strange‣Test13: 1.00
Thời gian ≈ 0.034789224 giây
Kết quả khớp đáp án!
HNKhang‣Strange‣Test14: 1.00
Thời gian ≈ 0.033703190 giây
Kết quả khớp đáp án!
HNKhang‣Strange‣Test15: 1.00
Thời gian ≈ 0.035091009 giây
Kết quả khớp đáp án!
HNKhang‣Strange‣Test16: 1.00
Thời gian ≈ 0.035893815 giây
Kết quả khớp đáp án!
HNKhang‣Strange‣Test17: 0.00
Thời gian ≈ 0.036362606 giây
Kết quả KHÁC đáp án!
HNKhang‣Strange‣Test18: 0.00
Thời gian ≈ 0.035649652 giây
Kết quả KHÁC đáp án!
HNKhang‣Strange‣Test19: 0.00
Thời gian ≈ 0.035894303 giây
Kết quả KHÁC đáp án!
HNKhang‣Strange‣Test20: 0.00
Thời gian ≈ 0.034165146 giây
Kết quả KHÁC đáp án!
HNKhang‣Strange‣Test21: 0.00
Thời gian ≈ 0.033633848 giây
Kết quả KHÁC đáp án!
HNKhang‣Strange‣Test22: 1.00
Thời gian ≈ 0.034854660 giây
Kết quả khớp đáp án!
HNKhang‣Strange‣Test23: 0.00
Thời gian ≈ 0.034656400 giây
Kết quả KHÁC đáp án!
HNKhang‣Strange‣Test24: 0.00
Thời gian ≈ 0.033601619 giây
Kết quả KHÁC đáp án!
HNKhang‣Strange‣Test25: 0.00
Thời gian ≈ 0.035573962 giây
Kết quả KHÁC đáp án!
HNKhang‣Strange‣Test26: 0.00
Thời gian ≈ 0.035277061 giây
Kết quả KHÁC đáp án!
HNKhang‣Strange‣Test27: 0.00
Thời gian ≈ 0.035111519 giây
Kết quả KHÁC đáp án!
HNKhang‣Strange‣Test28: 0.00
Thời gian ≈ 0.036019803 giây
Kết quả KHÁC đáp án!
HNKhang‣Strange‣Test29: 1.00
Thời gian ≈ 0.033259792 giây
Kết quả khớp đáp án!
HNKhang‣Strange‣Test30: 1.00
Thời gian ≈ 0.036262012 giây
Kết quả khớp đáp án!
HNKhang‣Strange‣Test31: 1.00
Thời gian ≈ 0.034992856 giây
Kết quả khớp đáp án!
HNKhang‣Strange‣Test32: 1.00
Thời gian ≈ 0.034005952 giây
Kết quả khớp đáp án!
HNKhang‣Strange‣Test33: 0.00
Thời gian ≈ 0.033890707 giây
Kết quả KHÁC đáp án!
HNKhang‣Strange‣Test34: 0.00
Thời gian ≈ 0.035020690 giây
Kết quả KHÁC đáp án!
HNKhang‣Strange‣Test35: 0.00
Thời gian ≈ 0.033484421 giây
Kết quả KHÁC đáp án!
HNKhang‣Strange‣Test36: 0.00
Thời gian ≈ 0.033984465 giây
Kết quả KHÁC đáp án!
HNKhang‣Strange‣Test37: 0.00
Thời gian ≈ 0.034411749 giây
Kết quả KHÁC đáp án!
HNKhang‣Strange‣Test38: 0.00
Thời gian ≈ 0.035874282 giây
Kết quả KHÁC đáp án!
HNKhang‣Strange‣Test39: 1.00
Thời gian ≈ 0.035827891 giây
Kết quả khớp đáp án!
HNKhang‣Strange‣Test40: 1.00
Thời gian ≈ 0.035568591 giây
Kết quả khớp đáp án!
HNKhang‣Strange‣Test41: 1.00
Thời gian ≈ 0.034035740 giây
Kết quả khớp đáp án!
HNKhang‣Strange‣Test42: 1.00
Thời gian ≈ 0.034644680 giây
Kết quả khớp đáp án!
HNKhang‣Strange‣Test43: 1.00
Thời gian ≈ 0.034661772 giây
Kết quả khớp đáp án!
HNKhang‣Strange‣Test44: 1.00
Thời gian ≈ 0.034165634 giây
Kết quả khớp đáp án!
HNKhang‣Strange‣Test45: 1.00
Thời gian ≈ 0.034254021 giây
Kết quả khớp đáp án!
HNKhang‣Strange‣Test46: 1.00
Thời gian ≈ 0.033905845 giây
Kết quả khớp đáp án!
HNKhang‣Strange‣Test47: 1.00
Thời gian ≈ 0.033589899 giây
Kết quả khớp đáp án!
HNKhang‣Strange‣Test48: 0.00
Thời gian ≈ 0.037395901 giây
Kết quả KHÁC đáp án!
HNKhang‣Strange‣Test49: 0.00
Thời gian ≈ 0.036274708 giây
Kết quả KHÁC đáp án!
HNKhang‣Strange‣Test50: 0.00
Thời gian ≈ 0.053543821 giây
Kết quả KHÁC đáp án!
HNKhang‣Strange‣Test51: 0.00
Thời gian ≈ 0.035284386 giây
Kết quả KHÁC đáp án!
HNKhang‣Strange‣Test52: 1.00
Thời gian ≈ 0.033709050 giây
Kết quả khớp đáp án!
HNKhang‣Strange‣Test53: 1.00
Thời gian ≈ 0.034337524 giây
Kết quả khớp đáp án!
HNKhang‣Strange‣Test54: 1.00
Thời gian ≈ 0.035245320 giây
Kết quả khớp đáp án!
HNKhang‣Strange‣Test55: 1.00
Thời gian ≈ 0.037123416 giây
Kết quả khớp đáp án!
HNKhang‣Strange‣Test56: 1.00
Thời gian ≈ 0.033262722 giây
Kết quả khớp đáp án!
HNKhang‣Strange‣Test57: 0.00
Thời gian ≈ 0.036196088 giây
Kết quả KHÁC đáp án!
HNKhang‣Strange‣Test58: 0.00
Thời gian ≈ 0.036312797 giây
Kết quả KHÁC đáp án!
HNKhang‣Strange‣Test59: 1.00
Thời gian ≈ 0.036306449 giây
Kết quả khớp đáp án!
HNKhang‣Strange‣Test60: 1.00
Thời gian ≈ 0.035021667 giây
Kết quả khớp đáp án!
HNKhang‣Strange‣Test61: 1.00
Thời gian ≈ 0.034911794 giây
Kết quả khớp đáp án!
